<?xml version="1.0" encoding="UTF-8"?>
<testng-results skipped="0" failed="0" ignored="0" total="1" passed="1">
  <reporter-output>
  </reporter-output>
  <suite name="Suite" duration-ms="44985" started-at="2018-01-14T06:08:00Z" finished-at="2018-01-14T06:08:45Z">
    <groups>
    </groups>
    <test name="Test.xml" duration-ms="44985" started-at="2018-01-14T06:08:00Z" finished-at="2018-01-14T06:08:45Z">
      <class name="com.picaso.XYZ">
        <test-method status="PASS" signature="method()[pri:0, instance:com.picaso.XYZ@612679d6]" name="method" is-config="true" duration-ms="34610" started-at="2018-01-14T11:38:00Z" finished-at="2018-01-14T11:38:35Z">
          <reporter-output>
          </reporter-output>
        </test-method> <!-- method -->
        <test-method status="PASS" signature="signUp_function()[pri:1, instance:com.picaso.XYZ@612679d6]" name="signUp_function" duration-ms="8973" started-at="2018-01-14T11:38:35Z" finished-at="2018-01-14T11:38:44Z">
          <reporter-output>
          </reporter-output>
        </test-method> <!-- signUp_function -->
        <test-method status="PASS" signature="teardown()[pri:0, instance:com.picaso.XYZ@612679d6]" name="teardown" is-config="true" duration-ms="1381" started-at="2018-01-14T11:38:44Z" finished-at="2018-01-14T11:38:45Z">
          <reporter-output>
          </reporter-output>
        </test-method> <!-- teardown -->
      </class> <!-- com.picaso.XYZ -->
    </test> <!-- Test.xml -->
  </suite> <!-- Suite -->
</testng-results>
